d:\programmering\demo\dsc\debug\vc120.pdb
d:\programmering\demo\dsc\debug\vc120.idb
d:\programmering\demo\dsc\debug\design_domain.obj
d:\programmering\demo\dsc\debug\dsc.obj
d:\programmering\demo\dsc\debug\object_generator.obj
d:\programmering\demo\dsc\debug\trializer.obj
d:\programmering\source code\demo\dsc\debug\dsc.pdb
d:\programmering\source code\demo\dsc\debug\dsc.idb
d:\programmering\source code\demo\dsc\debug\design_domain.obj
d:\programmering\source code\demo\dsc\debug\dsc.obj
d:\programmering\source code\demo\dsc\debug\object_generator.obj
d:\programmering\source code\demo\dsc\debug\trializer.obj
d:\programmering\demo\debug\dsc.lib
d:\programmering\source code\demo\debug\dsc.lib
d:\programmering\source code\demo\dsc\debug\vc120.idb
d:\programmering\source code\demo\dsc\debug\vc120.pdb
d:\programmering\source code\demo\debug\dsc.pdb
d:\programmering\source code\demo\dsc\debug\dsc.tlog\cl.command.1.tlog
d:\programmering\source code\demo\dsc\debug\dsc.tlog\cl.read.1.tlog
d:\programmering\source code\demo\dsc\debug\dsc.tlog\cl.write.1.tlog
d:\programmering\source code\demo\dsc\debug\dsc.tlog\lib-link.read.1.tlog
d:\programmering\source code\demo\dsc\debug\dsc.tlog\lib-link.write.1.tlog
d:\programmering\source code\demo\dsc\debug\dsc.tlog\lib.command.1.tlog
