d:\programmering\dsc + sph\demo\demo\release\vc140.pdb
d:\programmering\dsc + sph\demo\demo\release\user_interface.obj
d:\programmering\dsc + sph\demo\demo\release\demo.obj
d:\programmering\dsc + sph\demo\demo\release\draw.obj
d:\programmering\dsc + sph\demo\demo\release\track_particle_function.obj
d:\programmering\dsc + sph\demo\demo\release\rotate_function.obj
d:\programmering\dsc + sph\demo\demo\release\normal_function.obj
d:\programmering\dsc + sph\demo\demo\release\log.obj
d:\programmering\dsc + sph\demo\demo\release\average_function.obj
d:\programmering\dsc + sph\demo\demo\release\particlesystem.obj
d:\programmering\dsc + sph\demo\release\demo.exe
d:\programmering\dsc + sph\demo\release\demo.ipdb
d:\programmering\dsc + sph\demo\release\demo.iobj
d:\programmering\dsc + sph\demo\release\demo.pdb
d:\programmering\dsc + sph\demo\demo\release\vc120.pdb
d:\programmering\dsc + sph\demo\demo\release\demo.tlog\cl.command.1.tlog
d:\programmering\dsc + sph\demo\demo\release\demo.tlog\cl.read.1.tlog
d:\programmering\dsc + sph\demo\demo\release\demo.tlog\cl.write.1.tlog
d:\programmering\dsc + sph\demo\demo\release\demo.tlog\link.command.1.tlog
d:\programmering\dsc + sph\demo\demo\release\demo.tlog\link.read.1.tlog
d:\programmering\dsc + sph\demo\demo\release\demo.tlog\link.write.1.tlog
