d:\programmering\demo\gel\debug\vc120.pdb
d:\programmering\demo\gel\debug\vc120.idb
d:\programmering\demo\gel\debug\cleanup.obj
d:\programmering\demo\gel\debug\connectivitykernel.obj
d:\programmering\demo\gel\debug\dual.obj
d:\programmering\demo\gel\debug\flatten.obj
d:\programmering\demo\gel\debug\load.obj
d:\programmering\demo\gel\debug\manifold.obj
d:\programmering\demo\gel\debug\mesh_optimization.obj
d:\programmering\demo\gel\debug\obj_load.obj
d:\programmering\demo\gel\debug\obj_save.obj
d:\programmering\demo\gel\debug\off_load.obj
d:\programmering\demo\gel\debug\off_save.obj
d:\programmering\demo\gel\debug\ply_load.obj
d:\programmering\demo\gel\debug\quadric_simplify.obj
d:\programmering\demo\gel\debug\refine_edges.obj
d:\programmering\demo\gel\debug\smooth.obj
d:\programmering\demo\gel\debug\subdivision.obj
d:\programmering\demo\gel\debug\triangulate.obj
d:\programmering\demo\gel\debug\x3d_load.obj
d:\programmering\demo\gel\debug\x3d_save.obj
d:\programmering\demo\gel\debug\boundinglnode.obj
d:\programmering\demo\gel\debug\boundingnode.obj
d:\programmering\demo\gel\debug\boundingtree.obj
d:\programmering\demo\gel\debug\bsptree.obj
d:\programmering\demo\gel\debug\build_bbtree.obj
d:\programmering\demo\gel\debug\gradientfilter.obj
d:\programmering\demo\gel\debug\load_raw.obj
d:\programmering\demo\gel\debug\neighbours.obj
d:\programmering\demo\gel\debug\obox.obj
d:\programmering\demo\gel\debug\polygonizer.obj
d:\programmering\demo\gel\debug\qem.obj
d:\programmering\demo\gel\debug\tessellate.obj
d:\programmering\demo\gel\debug\threeddda.obj
d:\programmering\demo\gel\debug\triangle.obj
d:\programmering\demo\gel\debug\trilinfilter.obj
d:\programmering\demo\gel\debug\trimesh.obj
d:\programmering\demo\gel\debug\verification.obj
d:\programmering\demo\gel\debug\arithsqmat3x3float.obj
d:\programmering\demo\gel\debug\arithsqmat4x4float.obj
d:\programmering\demo\gel\debug\arithvec2float.obj
d:\programmering\demo\gel\debug\arithvec3float.obj
d:\programmering\demo\gel\debug\eigensolution.obj
d:\programmering\demo\gel\debug\gel_rand.obj
d:\programmering\demo\gel\debug\mat3x3d.obj
d:\programmering\demo\gel\debug\mat3x3f.obj
d:\programmering\demo\gel\debug\mat4x4d.obj
d:\programmering\demo\gel\debug\mat4x4f.obj
d:\programmering\demo\gel\debug\statistics.obj
d:\programmering\demo\gel\debug\tabletrigonometry.obj
d:\programmering\demo\gel\debug\vec2i.obj
d:\programmering\demo\gel\debug\vec3f.obj
d:\programmering\demo\gel\debug\vec3i.obj
d:\programmering\demo\gel\debug\aabox.obj
d:\programmering\demo\gel\debug\bbox.obj
d:\programmering\demo\gel\debug\boundinginode.obj
d:\programmering\demo\gel\debug\curvature.obj
d:\programmering\demo\gel\debug\rply.obj
d:\programmering\source code\demo\gel\debug\gel.pdb
d:\programmering\source code\demo\gel\debug\gel.idb
d:\programmering\source code\demo\gel\debug\cleanup.obj
d:\programmering\source code\demo\gel\debug\connectivitykernel.obj
d:\programmering\source code\demo\gel\debug\curvature.obj
d:\programmering\source code\demo\gel\debug\dual.obj
d:\programmering\source code\demo\gel\debug\flatten.obj
d:\programmering\source code\demo\gel\debug\load.obj
d:\programmering\source code\demo\gel\debug\manifold.obj
d:\programmering\source code\demo\gel\debug\mesh_optimization.obj
d:\programmering\source code\demo\gel\debug\obj_load.obj
d:\programmering\source code\demo\gel\debug\obj_save.obj
d:\programmering\source code\demo\gel\debug\off_load.obj
d:\programmering\source code\demo\gel\debug\off_save.obj
d:\programmering\source code\demo\gel\debug\ply_load.obj
d:\programmering\source code\demo\gel\debug\quadric_simplify.obj
d:\programmering\source code\demo\gel\debug\refine_edges.obj
d:\programmering\source code\demo\gel\debug\smooth.obj
d:\programmering\source code\demo\gel\debug\subdivision.obj
d:\programmering\source code\demo\gel\debug\triangulate.obj
d:\programmering\source code\demo\gel\debug\x3d_load.obj
d:\programmering\source code\demo\gel\debug\x3d_save.obj
d:\programmering\source code\demo\gel\debug\boundinglnode.obj
d:\programmering\source code\demo\gel\debug\boundingnode.obj
d:\programmering\source code\demo\gel\debug\boundingtree.obj
d:\programmering\source code\demo\gel\debug\bsptree.obj
d:\programmering\source code\demo\gel\debug\build_bbtree.obj
d:\programmering\source code\demo\gel\debug\gradientfilter.obj
d:\programmering\source code\demo\gel\debug\load_raw.obj
d:\programmering\source code\demo\gel\debug\neighbours.obj
d:\programmering\source code\demo\gel\debug\obox.obj
d:\programmering\source code\demo\gel\debug\polygonizer.obj
d:\programmering\source code\demo\gel\debug\qem.obj
d:\programmering\source code\demo\gel\debug\tessellate.obj
d:\programmering\source code\demo\gel\debug\threeddda.obj
d:\programmering\source code\demo\gel\debug\triangle.obj
d:\programmering\source code\demo\gel\debug\trilinfilter.obj
d:\programmering\source code\demo\gel\debug\trimesh.obj
d:\programmering\source code\demo\gel\debug\verification.obj
d:\programmering\source code\demo\gel\debug\arithsqmat3x3float.obj
d:\programmering\source code\demo\gel\debug\arithsqmat4x4float.obj
d:\programmering\source code\demo\gel\debug\arithvec2float.obj
d:\programmering\source code\demo\gel\debug\arithvec3float.obj
d:\programmering\source code\demo\gel\debug\eigensolution.obj
d:\programmering\source code\demo\gel\debug\gel_rand.obj
d:\programmering\source code\demo\gel\debug\mat3x3d.obj
d:\programmering\source code\demo\gel\debug\mat3x3f.obj
d:\programmering\source code\demo\gel\debug\mat4x4d.obj
d:\programmering\source code\demo\gel\debug\mat4x4f.obj
d:\programmering\source code\demo\gel\debug\statistics.obj
d:\programmering\source code\demo\gel\debug\tabletrigonometry.obj
d:\programmering\source code\demo\gel\debug\vec2i.obj
d:\programmering\source code\demo\gel\debug\vec3f.obj
d:\programmering\source code\demo\gel\debug\vec3i.obj
d:\programmering\source code\demo\gel\debug\aabox.obj
d:\programmering\source code\demo\gel\debug\bbox.obj
d:\programmering\source code\demo\gel\debug\boundinginode.obj
d:\programmering\source code\demo\gel\debug\rply.obj
d:\programmering\demo\debug\gel.lib
d:\programmering\source code\demo\debug\gel.lib
d:\programmering\source code\demo\gel\debug\vc120.idb
d:\programmering\source code\demo\gel\debug\vc120.pdb
d:\programmering\source code\demo\debug\gel.pdb
d:\programmering\source code\demo\gel\debug\gel.tlog\cl.command.1.tlog
d:\programmering\source code\demo\gel\debug\gel.tlog\cl.read.1.tlog
d:\programmering\source code\demo\gel\debug\gel.tlog\cl.write.1.tlog
d:\programmering\source code\demo\gel\debug\gel.tlog\lib-link.read.1.tlog
d:\programmering\source code\demo\gel\debug\gel.tlog\lib-link.write.1.tlog
d:\programmering\source code\demo\gel\debug\gel.tlog\lib.command.1.tlog
