d:\programmering\dsc + sph\demo\gel\release\gel.pdb
d:\programmering\dsc + sph\demo\gel\release\boundingnode.obj
d:\programmering\dsc + sph\demo\gel\release\boundinglnode.obj
d:\programmering\dsc + sph\demo\gel\release\boundinginode.obj
d:\programmering\dsc + sph\demo\gel\release\bbox.obj
d:\programmering\dsc + sph\demo\gel\release\aabox.obj
d:\programmering\dsc + sph\demo\gel\release\vec3i.obj
d:\programmering\dsc + sph\demo\gel\release\vec3f.obj
d:\programmering\dsc + sph\demo\gel\release\vec2i.obj
d:\programmering\dsc + sph\demo\gel\release\tabletrigonometry.obj
d:\programmering\dsc + sph\demo\gel\release\statistics.obj
d:\programmering\dsc + sph\demo\gel\release\mat4x4f.obj
d:\programmering\dsc + sph\demo\gel\release\mat4x4d.obj
d:\programmering\dsc + sph\demo\gel\release\mat3x3f.obj
d:\programmering\dsc + sph\demo\gel\release\mat3x3d.obj
d:\programmering\dsc + sph\demo\gel\release\gel_rand.obj
d:\programmering\dsc + sph\demo\gel\release\eigensolution.obj
d:\programmering\dsc + sph\demo\gel\release\arithvec3float.obj
d:\programmering\dsc + sph\demo\gel\release\arithvec2float.obj
d:\programmering\dsc + sph\demo\gel\release\arithsqmat4x4float.obj
d:\programmering\dsc + sph\demo\gel\release\arithsqmat3x3float.obj
d:\programmering\dsc + sph\demo\gel\release\connectivitykernel.obj
d:\programmering\dsc + sph\demo\gel\release\cleanup.obj
d:\programmering\dsc + sph\demo\gel\release\verification.obj
d:\programmering\dsc + sph\demo\gel\release\trimesh.obj
d:\programmering\dsc + sph\demo\gel\release\trilinfilter.obj
d:\programmering\dsc + sph\demo\gel\release\triangle.obj
d:\programmering\dsc + sph\demo\gel\release\threeddda.obj
d:\programmering\dsc + sph\demo\gel\release\tessellate.obj
d:\programmering\dsc + sph\demo\gel\release\qem.obj
d:\programmering\dsc + sph\demo\gel\release\polygonizer.obj
d:\programmering\dsc + sph\demo\gel\release\ply_load.obj
d:\programmering\dsc + sph\demo\gel\release\obox.obj
d:\programmering\dsc + sph\demo\gel\release\obj_load.obj
d:\programmering\dsc + sph\demo\gel\release\neighbours.obj
d:\programmering\dsc + sph\demo\gel\release\load_raw.obj
d:\programmering\dsc + sph\demo\gel\release\load.obj
d:\programmering\dsc + sph\demo\gel\release\gradientfilter.obj
d:\programmering\dsc + sph\demo\gel\release\build_bbtree.obj
d:\programmering\dsc + sph\demo\gel\release\bsptree.obj
d:\programmering\dsc + sph\demo\gel\release\boundingtree.obj
d:\programmering\dsc + sph\demo\gel\release\x3d_save.obj
d:\programmering\dsc + sph\demo\gel\release\x3d_load.obj
d:\programmering\dsc + sph\demo\gel\release\triangulate.obj
d:\programmering\dsc + sph\demo\gel\release\subdivision.obj
d:\programmering\dsc + sph\demo\gel\release\smooth.obj
d:\programmering\dsc + sph\demo\gel\release\refine_edges.obj
d:\programmering\dsc + sph\demo\gel\release\quadric_simplify.obj
d:\programmering\dsc + sph\demo\gel\release\off_save.obj
d:\programmering\dsc + sph\demo\gel\release\off_load.obj
d:\programmering\dsc + sph\demo\gel\release\obj_save.obj
d:\programmering\dsc + sph\demo\gel\release\mesh_optimization.obj
d:\programmering\dsc + sph\demo\gel\release\manifold.obj
d:\programmering\dsc + sph\demo\gel\release\flatten.obj
d:\programmering\dsc + sph\demo\gel\release\dual.obj
d:\programmering\dsc + sph\demo\gel\release\curvature.obj
d:\programmering\dsc + sph\demo\gel\release\rply.obj
d:\programmering\dsc + sph\demo\release\gel.lib
d:\programmering\dsc + sph\demo\gel\release\vc120.pdb
d:\programmering\dsc + sph\demo\gel\release\gel.tlog\cl.command.1.tlog
d:\programmering\dsc + sph\demo\gel\release\gel.tlog\cl.read.1.tlog
d:\programmering\dsc + sph\demo\gel\release\gel.tlog\cl.write.1.tlog
d:\programmering\dsc + sph\demo\gel\release\gel.tlog\lib-link.read.1.tlog
d:\programmering\dsc + sph\demo\gel\release\gel.tlog\lib-link.write.1.tlog
d:\programmering\dsc + sph\demo\gel\release\gel.tlog\lib.command.1.tlog
