d:\programmering\fluid_simulation-sph_and_dsc-\dsc_opengl\dsc.visualstudio\cgla\release\cgla.pdb
d:\programmering\fluid_simulation-sph_and_dsc-\dsc_opengl\dsc.visualstudio\cgla\release\vec3i.obj
d:\programmering\fluid_simulation-sph_and_dsc-\dsc_opengl\dsc.visualstudio\cgla\release\vec3f.obj
d:\programmering\fluid_simulation-sph_and_dsc-\dsc_opengl\dsc.visualstudio\cgla\release\vec2i.obj
d:\programmering\fluid_simulation-sph_and_dsc-\dsc_opengl\dsc.visualstudio\cgla\release\tabletrigonometry.obj
d:\programmering\fluid_simulation-sph_and_dsc-\dsc_opengl\dsc.visualstudio\cgla\release\statistics.obj
d:\programmering\fluid_simulation-sph_and_dsc-\dsc_opengl\dsc.visualstudio\cgla\release\mat4x4f.obj
d:\programmering\fluid_simulation-sph_and_dsc-\dsc_opengl\dsc.visualstudio\cgla\release\mat4x4d.obj
d:\programmering\fluid_simulation-sph_and_dsc-\dsc_opengl\dsc.visualstudio\cgla\release\mat3x3f.obj
d:\programmering\fluid_simulation-sph_and_dsc-\dsc_opengl\dsc.visualstudio\cgla\release\mat3x3d.obj
d:\programmering\fluid_simulation-sph_and_dsc-\dsc_opengl\dsc.visualstudio\cgla\release\gel_rand.obj
d:\programmering\fluid_simulation-sph_and_dsc-\dsc_opengl\dsc.visualstudio\cgla\release\eigensolution.obj
d:\programmering\fluid_simulation-sph_and_dsc-\dsc_opengl\dsc.visualstudio\cgla\release\arithvec3float.obj
d:\programmering\fluid_simulation-sph_and_dsc-\dsc_opengl\dsc.visualstudio\cgla\release\arithvec2float.obj
d:\programmering\fluid_simulation-sph_and_dsc-\dsc_opengl\dsc.visualstudio\cgla\release\arithsqmat4x4float.obj
d:\programmering\fluid_simulation-sph_and_dsc-\dsc_opengl\dsc.visualstudio\cgla\release\arithsqmat3x3float.obj
d:\programmering\fluid_simulation-sph_and_dsc-\dsc_opengl\dsc.visualstudio\release\cgla.lib
d:\programmering\fluid_simulation-sph_and_dsc-\dsc_opengl\dsc.visualstudio\cgla\release\cgla.tlog\cl.command.1.tlog
d:\programmering\fluid_simulation-sph_and_dsc-\dsc_opengl\dsc.visualstudio\cgla\release\cgla.tlog\cl.read.1.tlog
d:\programmering\fluid_simulation-sph_and_dsc-\dsc_opengl\dsc.visualstudio\cgla\release\cgla.tlog\cl.write.1.tlog
d:\programmering\fluid_simulation-sph_and_dsc-\dsc_opengl\dsc.visualstudio\cgla\release\cgla.tlog\lib-link.read.1.tlog
d:\programmering\fluid_simulation-sph_and_dsc-\dsc_opengl\dsc.visualstudio\cgla\release\cgla.tlog\lib-link.write.1.tlog
d:\programmering\fluid_simulation-sph_and_dsc-\dsc_opengl\dsc.visualstudio\cgla\release\cgla.tlog\lib.command.1.tlog
