d:\programmering\fluid_simulation-sph_and_dsc-\dsc_opengl\dsc.visualstudio\demo\release\vc140.pdb
d:\programmering\fluid_simulation-sph_and_dsc-\dsc_opengl\dsc.visualstudio\demo\release\user_interface.obj
d:\programmering\fluid_simulation-sph_and_dsc-\dsc_opengl\dsc.visualstudio\demo\release\track_particles_function.obj
d:\programmering\fluid_simulation-sph_and_dsc-\dsc_opengl\dsc.visualstudio\demo\release\sph.obj
d:\programmering\fluid_simulation-sph_and_dsc-\dsc_opengl\dsc.visualstudio\demo\release\particle_system.obj
d:\programmering\fluid_simulation-sph_and_dsc-\dsc_opengl\dsc.visualstudio\demo\release\log.obj
d:\programmering\fluid_simulation-sph_and_dsc-\dsc_opengl\dsc.visualstudio\demo\release\grid.obj
d:\programmering\fluid_simulation-sph_and_dsc-\dsc_opengl\dsc.visualstudio\demo\release\draw_helper.obj
d:\programmering\fluid_simulation-sph_and_dsc-\dsc_opengl\dsc.visualstudio\demo\release\draw.obj
d:\programmering\fluid_simulation-sph_and_dsc-\dsc_opengl\dsc.visualstudio\demo\release\demo.obj
d:\programmering\fluid_simulation-sph_and_dsc-\dsc_opengl\dsc.visualstudio\release\demo.exe
d:\programmering\fluid_simulation-sph_and_dsc-\dsc_opengl\dsc.visualstudio\release\demo.ipdb
d:\programmering\fluid_simulation-sph_and_dsc-\dsc_opengl\dsc.visualstudio\release\demo.iobj
d:\programmering\fluid_simulation-sph_and_dsc-\dsc_opengl\dsc.visualstudio\release\demo.pdb
d:\programmering\fluid_simulation-sph_and_dsc-\dsc_opengl\dsc.visualstudio\demo\release\demo.tlog\cl.command.1.tlog
d:\programmering\fluid_simulation-sph_and_dsc-\dsc_opengl\dsc.visualstudio\demo\release\demo.tlog\cl.read.1.tlog
d:\programmering\fluid_simulation-sph_and_dsc-\dsc_opengl\dsc.visualstudio\demo\release\demo.tlog\cl.write.1.tlog
d:\programmering\fluid_simulation-sph_and_dsc-\dsc_opengl\dsc.visualstudio\demo\release\demo.tlog\link.command.1.tlog
d:\programmering\fluid_simulation-sph_and_dsc-\dsc_opengl\dsc.visualstudio\demo\release\demo.tlog\link.read.1.tlog
d:\programmering\fluid_simulation-sph_and_dsc-\dsc_opengl\dsc.visualstudio\demo\release\demo.tlog\link.write.1.tlog
