Build started 19-05-2016 11:31:43.
     1>Project "D:\Programmering\Fluid_simulation-SPH_and_DSC-\DSC_OpenGL\DSC.visualstudio\DEMO\DEMO.vcxproj" on node 2 (Build target(s)).
     1>ClCompile:
         C:\Program Files (x86)\Microsoft Visual Studio 14.0\VC\bin\CL.exe /c /Zi /nologo /W3 /WX- /sdl /O2 /Oi /Oy- /GL /D _SCL_SECURE_NO_WARNINGS /D _CRT_SECURE_NO_WARNINGS /D GLUT_BUILDING_LIB /D _MBCS /Gm- /EHsc /MD /GS /Gy /fp:precise /Zc:wchar_t /Zc:forScope /Zc:inline /Fo"Release\\" /Fd"Release\vc140.pdb" /Gd /TP /analyze- /errorReport:prompt ..\..\DEMO\SPH.cpp
         SPH.cpp
     1>..\..\DEMO\SPH.cpp(416): warning C4838: conversion from 'double' to 'GLfloat' requires a narrowing conversion
     1>..\..\DEMO\SPH.cpp(419): warning C4018: '<': signed/unsigned mismatch
       Link:
         C:\Program Files (x86)\Microsoft Visual Studio 14.0\VC\bin\link.exe /ERRORREPORT:PROMPT /OUT:"D:\Programmering\Fluid_simulation-SPH_and_DSC-\DSC_OpenGL\DSC.visualstudio\Release\DEMO.exe" /NOLOGO opengl32.lib glut32.lib glew32.lib src.lib SOIL.lib kernel32.lib user32.lib gdi32.lib winspool.lib comdlg32.lib advapi32.lib shell32.lib ole32.lib oleaut32.lib uuid.lib odbc32.lib odbccp32.lib /MANIFEST /MANIFESTUAC:"level='asInvoker' uiAccess='false'" /manifest:embed /Debug /PDB:"D:\Programmering\Fluid_simulation-SPH_and_DSC-\DSC_OpenGL\DSC.visualstudio\Release\DEMO.pdb" /OPT:REF /OPT:ICF /LTCG:incremental /TLBID:1 /DYNAMICBASE /NXCOMPAT /IMPLIB:"D:\Programmering\Fluid_simulation-SPH_and_DSC-\DSC_OpenGL\DSC.visualstudio\Release\DEMO.lib" /MACHINE:X86 /SAFESEH Release\demo.obj
         Release\draw.obj
         Release\draw_helper.obj
         Release\Grid.obj
         Release\log.obj
         Release\Particle_System.obj
         Release\SPH.obj
         Release\track_particles_function.obj
         Release\user_interface.obj
         Generating code
         1 of 3747 functions ( 0.0%) were compiled, the rest were copied from previous compilation.
           0 functions were new in current compilation
           2 functions had inline decision re-evaluated but remain unchanged
         Finished generating code
         DEMO.vcxproj -> D:\Programmering\Fluid_simulation-SPH_and_DSC-\DSC_OpenGL\DSC.visualstudio\Release\DEMO.exe
     1>Done Building Project "D:\Programmering\Fluid_simulation-SPH_and_DSC-\DSC_OpenGL\DSC.visualstudio\DEMO\DEMO.vcxproj" (Build target(s)).

Build succeeded.

Time Elapsed 00:00:13.03
